<?xml version="1.0" encoding="UTF-8"?>
<!-- Generated by org.testng.reporters.JUnitXMLReporter -->
<testsuite ignored="2" hostname="LAPTOP-5USHU4F4" failures="0" tests="1" name="tc5" time="27.622" errors="0" timestamp="2026-04-10T13:09:43 IST">
  <testcase classname="testLayer.LoginPageTest" name="validateLoginFunctionality" time="16.94"/>
  <testcase classname="BaseLayer.BaseTest" name="@AfterTest tearDown" time="0.0">
    <ignored/>
  </testcase> <!-- @AfterTest tearDown -->
  <testcase classname="BaseLayer.BaseTest" name="@BeforeTest setup" time="0.0">
    <ignored/>
  </testcase> <!-- @BeforeTest setup -->
</testsuite> <!-- tc5 -->
