<?xml version="1.0" encoding="UTF-8"?>
<testng-results ignored="0" total="5" passed="5" failed="0" skipped="0">
  <reporter-output>
  </reporter-output>
  <suite started-at="2026-04-10T13:09:16 IST" name="Cogmento CRM" finished-at="2026-04-10T13:09:43 IST" duration-ms="27622">
    <groups>
    </groups>
    <test started-at="2026-04-10T13:09:16 IST" name="tc3" finished-at="2026-04-10T13:09:42 IST" duration-ms="26519">
      <class name="testLayer.LoginPageTest">
        <test-method signature="validateLoginFunctionality()[pri:0, instance:testLayer.LoginPageTest@74e52ef6]" started-at="2026-04-10T13:09:28 IST" name="validateLoginFunctionality" finished-at="2026-04-10T13:09:33 IST" duration-ms="4489" status="PASS">
          <reporter-output>
          </reporter-output>
        </test-method> <!-- validateLoginFunctionality -->
      </class> <!-- testLayer.LoginPageTest -->
      <class name="BaseLayer.BaseTest">
        <test-method is-config="true" signature="setup(java.lang.String)[pri:0, instance:BaseLayer.BaseTest@62ddbd7e]" started-at="2026-04-10T13:09:16 IST" name="setup" finished-at="2026-04-10T13:09:28 IST" duration-ms="11990" status="PASS">
          <params>
            <param index="0">
              <value>
                <![CDATA[firefox]]>
              </value>
            </param>
          </params>
          <reporter-output>
          </reporter-output>
        </test-method> <!-- setup -->
        <test-method is-config="true" signature="tearDown()[pri:0, instance:BaseLayer.BaseTest@62ddbd7e]" started-at="2026-04-10T13:09:34 IST" name="tearDown" finished-at="2026-04-10T13:09:42 IST" duration-ms="8133" status="PASS">
          <reporter-output>
          </reporter-output>
        </test-method> <!-- tearDown -->
      </class> <!-- BaseLayer.BaseTest -->
    </test> <!-- tc3 -->
    <test started-at="2026-04-10T13:09:16 IST" name="tc1" finished-at="2026-04-10T13:09:43 IST" duration-ms="27329">
      <class name="testLayer.LoginPageTest">
        <test-method signature="validateLoginFunctionality()[pri:0, instance:testLayer.LoginPageTest@13c9d689]" started-at="2026-04-10T13:09:21 IST" name="validateLoginFunctionality" finished-at="2026-04-10T13:09:36 IST" duration-ms="15540" status="PASS">
          <reporter-output>
          </reporter-output>
        </test-method> <!-- validateLoginFunctionality -->
      </class> <!-- testLayer.LoginPageTest -->
      <class name="BaseLayer.BaseTest">
        <test-method is-config="true" signature="setup(java.lang.String)[pri:0, instance:BaseLayer.BaseTest@59474f18]" started-at="2026-04-10T13:09:16 IST" name="setup" finished-at="2026-04-10T13:09:20 IST" duration-ms="4107" status="PASS">
          <params>
            <param index="0">
              <value>
                <![CDATA[chrome]]>
              </value>
            </param>
          </params>
          <reporter-output>
          </reporter-output>
        </test-method> <!-- setup -->
        <test-method is-config="true" signature="tearDown()[pri:0, instance:BaseLayer.BaseTest@59474f18]" started-at="2026-04-10T13:09:39 IST" name="tearDown" finished-at="2026-04-10T13:09:43 IST" duration-ms="4406" status="PASS">
          <reporter-output>
          </reporter-output>
        </test-method> <!-- tearDown -->
      </class> <!-- BaseLayer.BaseTest -->
    </test> <!-- tc1 -->
    <test started-at="2026-04-10T13:09:16 IST" name="tc2" finished-at="2026-04-10T13:09:43 IST" duration-ms="27334">
      <class name="testLayer.LoginPageTest">
        <test-method signature="validateLoginFunctionality()[pri:0, instance:testLayer.LoginPageTest@7eac9008]" started-at="2026-04-10T13:09:25 IST" name="validateLoginFunctionality" finished-at="2026-04-10T13:09:38 IST" duration-ms="12314" status="PASS">
          <reporter-output>
          </reporter-output>
        </test-method> <!-- validateLoginFunctionality -->
      </class> <!-- testLayer.LoginPageTest -->
      <class name="BaseLayer.BaseTest">
        <test-method is-config="true" signature="setup(java.lang.String)[pri:0, instance:BaseLayer.BaseTest@1fa121e2]" started-at="2026-04-10T13:09:16 IST" name="setup" finished-at="2026-04-10T13:09:25 IST" duration-ms="8957" status="PASS">
          <params>
            <param index="0">
              <value>
                <![CDATA[incognito]]>
              </value>
            </param>
          </params>
          <reporter-output>
          </reporter-output>
        </test-method> <!-- setup -->
        <test-method is-config="true" signature="tearDown()[pri:0, instance:BaseLayer.BaseTest@1fa121e2]" started-at="2026-04-10T13:09:38 IST" name="tearDown" finished-at="2026-04-10T13:09:43 IST" duration-ms="4540" status="PASS">
          <reporter-output>
          </reporter-output>
        </test-method> <!-- tearDown -->
      </class> <!-- BaseLayer.BaseTest -->
    </test> <!-- tc2 -->
    <test started-at="2026-04-10T13:09:16 IST" name="tc4" finished-at="2026-04-10T13:09:43 IST" duration-ms="27333">
      <class name="testLayer.LoginPageTest">
        <test-method signature="validateLoginFunctionality()[pri:0, instance:testLayer.LoginPageTest@3857f613]" started-at="2026-04-10T13:09:25 IST" name="validateLoginFunctionality" finished-at="2026-04-10T13:09:35 IST" duration-ms="10126" status="PASS">
          <reporter-output>
          </reporter-output>
        </test-method> <!-- validateLoginFunctionality -->
      </class> <!-- testLayer.LoginPageTest -->
      <class name="BaseLayer.BaseTest">
        <test-method is-config="true" signature="setup(java.lang.String)[pri:0, instance:BaseLayer.BaseTest@489115ef]" started-at="2026-04-10T13:09:16 IST" name="setup" finished-at="2026-04-10T13:09:25 IST" duration-ms="8561" status="PASS">
          <params>
            <param index="0">
              <value>
                <![CDATA[headless]]>
              </value>
            </param>
          </params>
          <reporter-output>
          </reporter-output>
        </test-method> <!-- setup -->
        <test-method is-config="true" signature="tearDown()[pri:0, instance:BaseLayer.BaseTest@489115ef]" started-at="2026-04-10T13:09:39 IST" name="tearDown" finished-at="2026-04-10T13:09:43 IST" duration-ms="4364" status="PASS">
          <reporter-output>
          </reporter-output>
        </test-method> <!-- tearDown -->
      </class> <!-- BaseLayer.BaseTest -->
    </test> <!-- tc4 -->
    <test started-at="2026-04-10T13:09:16 IST" name="tc5" finished-at="2026-04-10T13:09:43 IST" duration-ms="27622">
      <class name="testLayer.LoginPageTest">
        <test-method signature="validateLoginFunctionality()[pri:0, instance:testLayer.LoginPageTest@79079097]" started-at="2026-04-10T13:09:21 IST" name="validateLoginFunctionality" finished-at="2026-04-10T13:09:37 IST" duration-ms="16940" status="PASS">
          <reporter-output>
          </reporter-output>
        </test-method> <!-- validateLoginFunctionality -->
      </class> <!-- testLayer.LoginPageTest -->
      <class name="BaseLayer.BaseTest">
        <test-method is-config="true" signature="setup(java.lang.String)[pri:0, instance:BaseLayer.BaseTest@3bf7ca37]" started-at="2026-04-10T13:09:16 IST" name="setup" finished-at="2026-04-10T13:09:20 IST" duration-ms="4245" status="PASS">
          <params>
            <param index="0">
              <value>
                <![CDATA[edge]]>
              </value>
            </param>
          </params>
          <reporter-output>
          </reporter-output>
        </test-method> <!-- setup -->
        <test-method is-config="true" signature="tearDown()[pri:0, instance:BaseLayer.BaseTest@3bf7ca37]" started-at="2026-04-10T13:09:39 IST" name="tearDown" finished-at="2026-04-10T13:09:43 IST" duration-ms="4659" status="PASS">
          <reporter-output>
          </reporter-output>
        </test-method> <!-- tearDown -->
      </class> <!-- BaseLayer.BaseTest -->
    </test> <!-- tc5 -->
  </suite> <!-- Cogmento CRM -->
</testng-results>
