<?xml version="1.0" encoding="UTF-8"?>
<!-- Generated by org.testng.reporters.JUnitReportReporter -->
<testsuite hostname="LAPTOP-5USHU4F4" failures="0" tests="5" name="testLayer.LoginPageTest" time="59.409" errors="0" timestamp="2026-04-10T13:09:43 IST" skipped="0">
  <testcase classname="testLayer.LoginPageTest" name="validateLoginFunctionality" time="12.314"/>
  <testcase classname="testLayer.LoginPageTest" name="validateLoginFunctionality" time="15.540"/>
  <testcase classname="testLayer.LoginPageTest" name="validateLoginFunctionality" time="10.126"/>
  <testcase classname="testLayer.LoginPageTest" name="validateLoginFunctionality" time="4.489"/>
  <testcase classname="testLayer.LoginPageTest" name="validateLoginFunctionality" time="16.940"/>
</testsuite> <!-- testLayer.LoginPageTest -->
