<?xml version="1.0" encoding="UTF-8"?>
<!-- Generated by org.testng.reporters.JUnitReportReporter -->
<testsuite hostname="LAPTOP-5USHU4F4" failures="0" tests="3" name="BaseLayer.BaseTest" time="0.234" errors="3" timestamp="2026-03-13T21:44:30 IST" skipped="0">
  <testcase classname="BaseLayer.BaseTest" name="setup" time="0.079">
    <error message="Unresolved compilation problems: 
	The method setAcceptInsecureCerts(boolean) is undefined for the type ChromeOptions
	The method setAcceptInsecureCerts(boolean) is undefined for the type ChromeOptions
	The method setAcceptInsecureCerts(boolean) is undefined for the type ChromeOptions
" type="java.lang.Error">
      <![CDATA[java.lang.Error: Unresolved compilation problems: 
The method setAcceptInsecureCerts(boolean) is undefined for the type ChromeOptions
The method setAcceptInsecureCerts(boolean) is undefined for the type ChromeOptions
The method setAcceptInsecureCerts(boolean) is undefined for the type ChromeOptions

at utilityLayer.DriverFactory.initBrowser(DriverFactory.java:19)
at BaseLayer.BaseTest.setup(BaseTest.java:22)
at java.base/jdk.internal.reflect.NativeMethodAccessorImpl.invoke0(Native Method)
at java.base/jdk.internal.reflect.NativeMethodAccessorImpl.invoke(NativeMethodAccessorImpl.java:62)
at java.base/jdk.internal.reflect.DelegatingMethodAccessorImpl.invoke(DelegatingMethodAccessorImpl.java:43)
at java.base/java.lang.reflect.Method.invoke(Method.java:566)
at org.testng.internal.invokers.MethodInvocationHelper.invokeMethod(MethodInvocationHelper.java:141)
at org.testng.internal.invokers.MethodInvocationHelper.invokeMethodConsideringTimeout(MethodInvocationHelper.java:71)
at org.testng.internal.invokers.ConfigInvoker.invokeConfigurationMethod(ConfigInvoker.java:400)
at org.testng.internal.invokers.ConfigInvoker.invokeConfigurations(ConfigInvoker.java:333)
at org.testng.TestRunner.invokeTestConfigurations(TestRunner.java:655)
at org.testng.TestRunner.beforeRun(TestRunner.java:644)
at org.testng.TestRunner.run(TestRunner.java:610)
at org.testng.SuiteRunner.runTest(SuiteRunner.java:421)
at org.testng.SuiteRunner$SuiteWorker.run(SuiteRunner.java:463)
at org.testng.internal.thread.ThreadUtil.lambda$execute$0(ThreadUtil.java:64)
at java.base/java.util.concurrent.FutureTask.run(FutureTask.java:264)
at java.base/java.util.concurrent.ThreadPoolExecutor.runWorker(ThreadPoolExecutor.java:1128)
at java.base/java.util.concurrent.ThreadPoolExecutor$Worker.run(ThreadPoolExecutor.java:628)
at java.base/java.lang.Thread.run(Thread.java:834)
]]>
    </error>
  </testcase> <!-- setup -->
  <testcase classname="BaseLayer.BaseTest" name="setup" time="0.077">
    <error message="Unresolved compilation problems: 
	The method setAcceptInsecureCerts(boolean) is undefined for the type ChromeOptions
	The method setAcceptInsecureCerts(boolean) is undefined for the type ChromeOptions
	The method setAcceptInsecureCerts(boolean) is undefined for the type ChromeOptions
" type="java.lang.Error">
      <![CDATA[java.lang.Error: Unresolved compilation problems: 
The method setAcceptInsecureCerts(boolean) is undefined for the type ChromeOptions
The method setAcceptInsecureCerts(boolean) is undefined for the type ChromeOptions
The method setAcceptInsecureCerts(boolean) is undefined for the type ChromeOptions

at utilityLayer.DriverFactory.initBrowser(DriverFactory.java:19)
at BaseLayer.BaseTest.setup(BaseTest.java:22)
at java.base/jdk.internal.reflect.NativeMethodAccessorImpl.invoke0(Native Method)
at java.base/jdk.internal.reflect.NativeMethodAccessorImpl.invoke(NativeMethodAccessorImpl.java:62)
at java.base/jdk.internal.reflect.DelegatingMethodAccessorImpl.invoke(DelegatingMethodAccessorImpl.java:43)
at java.base/java.lang.reflect.Method.invoke(Method.java:566)
at org.testng.internal.invokers.MethodInvocationHelper.invokeMethod(MethodInvocationHelper.java:141)
at org.testng.internal.invokers.MethodInvocationHelper.invokeMethodConsideringTimeout(MethodInvocationHelper.java:71)
at org.testng.internal.invokers.ConfigInvoker.invokeConfigurationMethod(ConfigInvoker.java:400)
at org.testng.internal.invokers.ConfigInvoker.invokeConfigurations(ConfigInvoker.java:333)
at org.testng.TestRunner.invokeTestConfigurations(TestRunner.java:655)
at org.testng.TestRunner.beforeRun(TestRunner.java:644)
at org.testng.TestRunner.run(TestRunner.java:610)
at org.testng.SuiteRunner.runTest(SuiteRunner.java:421)
at org.testng.SuiteRunner$SuiteWorker.run(SuiteRunner.java:463)
at org.testng.internal.thread.ThreadUtil.lambda$execute$0(ThreadUtil.java:64)
at java.base/java.util.concurrent.FutureTask.run(FutureTask.java:264)
at java.base/java.util.concurrent.ThreadPoolExecutor.runWorker(ThreadPoolExecutor.java:1128)
at java.base/java.util.concurrent.ThreadPoolExecutor$Worker.run(ThreadPoolExecutor.java:628)
at java.base/java.lang.Thread.run(Thread.java:834)
]]>
    </error>
  </testcase> <!-- setup -->
  <testcase classname="BaseLayer.BaseTest" name="setup" time="0.078">
    <error message="Unresolved compilation problems: 
	The method setAcceptInsecureCerts(boolean) is undefined for the type ChromeOptions
	The method setAcceptInsecureCerts(boolean) is undefined for the type ChromeOptions
	The method setAcceptInsecureCerts(boolean) is undefined for the type ChromeOptions
" type="java.lang.Error">
      <![CDATA[java.lang.Error: Unresolved compilation problems: 
The method setAcceptInsecureCerts(boolean) is undefined for the type ChromeOptions
The method setAcceptInsecureCerts(boolean) is undefined for the type ChromeOptions
The method setAcceptInsecureCerts(boolean) is undefined for the type ChromeOptions

at utilityLayer.DriverFactory.initBrowser(DriverFactory.java:19)
at BaseLayer.BaseTest.setup(BaseTest.java:22)
at java.base/jdk.internal.reflect.NativeMethodAccessorImpl.invoke0(Native Method)
at java.base/jdk.internal.reflect.NativeMethodAccessorImpl.invoke(NativeMethodAccessorImpl.java:62)
at java.base/jdk.internal.reflect.DelegatingMethodAccessorImpl.invoke(DelegatingMethodAccessorImpl.java:43)
at java.base/java.lang.reflect.Method.invoke(Method.java:566)
at org.testng.internal.invokers.MethodInvocationHelper.invokeMethod(MethodInvocationHelper.java:141)
at org.testng.internal.invokers.MethodInvocationHelper.invokeMethodConsideringTimeout(MethodInvocationHelper.java:71)
at org.testng.internal.invokers.ConfigInvoker.invokeConfigurationMethod(ConfigInvoker.java:400)
at org.testng.internal.invokers.ConfigInvoker.invokeConfigurations(ConfigInvoker.java:333)
at org.testng.TestRunner.invokeTestConfigurations(TestRunner.java:655)
at org.testng.TestRunner.beforeRun(TestRunner.java:644)
at org.testng.TestRunner.run(TestRunner.java:610)
at org.testng.SuiteRunner.runTest(SuiteRunner.java:421)
at org.testng.SuiteRunner$SuiteWorker.run(SuiteRunner.java:463)
at org.testng.internal.thread.ThreadUtil.lambda$execute$0(ThreadUtil.java:64)
at java.base/java.util.concurrent.FutureTask.run(FutureTask.java:264)
at java.base/java.util.concurrent.ThreadPoolExecutor.runWorker(ThreadPoolExecutor.java:1128)
at java.base/java.util.concurrent.ThreadPoolExecutor$Worker.run(ThreadPoolExecutor.java:628)
at java.base/java.lang.Thread.run(Thread.java:834)
]]>
    </error>
  </testcase> <!-- setup -->
</testsuite> <!-- BaseLayer.BaseTest -->
