<?xml version="1.0" encoding="UTF-8"?>
<!-- Generated by org.testng.reporters.JUnitReportReporter -->
<testsuite hostname="LAPTOP-5USHU4F4" failures="0" tests="5" name="testLayer.LoginPageTest" time="24.643" errors="0" timestamp="2026-04-10T10:51:20 IST" skipped="0">
  <testcase classname="testLayer.LoginPageTest" name="validateLoginFunctionality" time="8.749"/>
  <testcase classname="testLayer.LoginPageTest" name="validateLoginFunctionality" time="4.941"/>
  <testcase classname="testLayer.LoginPageTest" name="validateLoginFunctionality" time="4.112"/>
  <testcase classname="testLayer.LoginPageTest" name="validateLoginFunctionality" time="1.202"/>
  <testcase classname="testLayer.LoginPageTest" name="validateLoginFunctionality" time="5.639"/>
</testsuite> <!-- testLayer.LoginPageTest -->
